<?xml version="1.0" encoding="UTF-8"?>
<!-- Generated by org.testng.reporters.JUnitReportReporter -->
<testsuite hostname="LAPTOP-76HAPQ6V" failures="0" tests="10" name="TestNG.Example4_invocationCount" time="0.018" errors="0" timestamp="2023-01-02T13:07:49 IST" skipped="0">
  <testcase classname="TestNG.Example4_invocationCount" name="TC2" time="0.000"/>
  <system-out>
    <![CDATA[-running TC2--]]>
  </system-out>
  <testcase classname="TestNG.Example4_invocationCount" name="TC2" time="0.000"/>
  <system-out>
    <![CDATA[-running TC2--]]>
  </system-out>
  <testcase classname="TestNG.Example4_invocationCount" name="TC1" time="0.001"/>
  <system-out>
    <![CDATA[running TC1]]>
  </system-out>
  <testcase classname="TestNG.Example4_invocationCount" name="TC2" time="0.001"/>
  <system-out>
    <![CDATA[-running TC2--]]>
  </system-out>
  <testcase classname="TestNG.Example4_invocationCount" name="TC1" time="0.002"/>
  <system-out>
    <![CDATA[running TC1]]>
  </system-out>
  <testcase classname="TestNG.Example4_invocationCount" name="TC2" time="0.002"/>
  <system-out>
    <![CDATA[-running TC2--]]>
  </system-out>
  <testcase classname="TestNG.Example4_invocationCount" name="TC3" time="0.001"/>
  <system-out>
    <![CDATA[--running TC3---]]>
  </system-out>
  <testcase classname="TestNG.Example4_invocationCount" name="TC1" time="0.010"/>
  <system-out>
    <![CDATA[running TC1]]>
  </system-out>
  <testcase classname="TestNG.Example4_invocationCount" name="TC2" time="0.000"/>
  <system-out>
    <![CDATA[-running TC2--]]>
  </system-out>
  <testcase classname="TestNG.Example4_invocationCount" name="TC3" time="0.001"/>
  <system-out>
    <![CDATA[--running TC3---]]>
  </system-out>
</testsuite> <!-- TestNG.Example4_invocationCount -->
