<?xml version="1.0" encoding="UTF-8"?>
<!-- Generated by org.testng.reporters.JUnitReportReporter -->
<testsuite hostname="LAPTOP-76HAPQ6V" failures="0" tests="3" name="TestNG.example9_demo1" time="0.003" errors="0" timestamp="2023-03-27T11:40:44 IST" skipped="0">
  <testcase classname="TestNG.example9_demo1" name="TC1" time="0.001"/>
  <system-out>
    <![CDATA[-running TC1--]]>
  </system-out>
  <testcase classname="TestNG.example9_demo1" name="TC2" time="0.001"/>
  <system-out>
    <![CDATA[-running TC2--]]>
  </system-out>
  <testcase classname="TestNG.example9_demo1" name="TC3" time="0.001"/>
  <system-out>
    <![CDATA[-running TC3--]]>
  </system-out>
</testsuite> <!-- TestNG.example9_demo1 -->
