<?xml version="1.0" encoding="UTF-8"?>
<!-- Generated by org.testng.reporters.JUnitReportReporter -->
<testsuite hostname="LAPTOP-76HAPQ6V" failures="0" tests="3" name="TestNG.Example2_EmailableReport" time="0.001" errors="0" timestamp="2023-03-27T11:40:44 IST" skipped="0">
  <testcase classname="TestNG.Example2_EmailableReport" name="TC1" time="0.000"/>
  <system-out>
    <![CDATA[--running TC1--]]>
  </system-out>
  <testcase classname="TestNG.Example2_EmailableReport" name="TC3" time="0.001"/>
  <system-out>
    <![CDATA[---running TC3---]]>
  </system-out>
  <testcase classname="TestNG.Example2_EmailableReport" name="TC2" time="0.000"/>
  <system-out>
    <![CDATA[--running TC2---]]>
  </system-out>
</testsuite> <!-- TestNG.Example2_EmailableReport -->
