<?xml version="1.0" encoding="UTF-8"?>
<!-- Generated by org.testng.reporters.JUnitReportReporter -->
<testsuite hostname="LAPTOP-76HAPQ6V" failures="0" tests="3" name="TestNG.EmailableReport" time="0.011" errors="0" timestamp="2023-01-02T12:30:45 IST" skipped="0">
  <testcase classname="TestNG.EmailableReport" name="TC2" time="0.002"/>
  <system-out>
    <![CDATA[--running TC2---]]>
  </system-out>
  <testcase classname="TestNG.EmailableReport" name="TC1" time="0.007"/>
  <system-out>
    <![CDATA[--running TC1--]]>
  </system-out>
  <testcase classname="TestNG.EmailableReport" name="TC3" time="0.002"/>
  <system-out>
    <![CDATA[---running TC3---]]>
  </system-out>
</testsuite> <!-- TestNG.EmailableReport -->
