<?xml version="1.0" encoding="UTF-8"?>
<!-- Generated by org.testng.reporters.JUnitReportReporter -->
<testsuite hostname="LAPTOP-76HAPQ6V" failures="0" tests="1" name="TestNG.Example5_AssertClass3_assertTrue" time="0.000" errors="0" timestamp="2023-03-27T11:40:44 IST" skipped="0">
  <testcase classname="TestNG.Example5_AssertClass3_assertTrue" name="TC1" time="0.000"/>
  <system-out/>
</testsuite> <!-- TestNG.Example5_AssertClass3_assertTrue -->
