<?xml version="1.0" encoding="UTF-8"?>
<!-- Generated by org.testng.reporters.JUnitReportReporter -->
<testsuite hostname="LAPTOP-76HAPQ6V" failures="0" tests="11" name="POM_With_DDF_Practice.TestNGKeywords" time="0.013" errors="0" timestamp="2023-03-27T11:40:44 IST" skipped="1">
  <testcase classname="POM_With_DDF_Practice.TestNGKeywords" name="login2" time="0.001"/>
  <system-out>
    <![CDATA[--running login2 test case---]]>
  </system-out>
  <testcase classname="POM_With_DDF_Practice.TestNGKeywords" name="login2" time="0.001"/>
  <system-out>
    <![CDATA[--running login2 test case---]]>
  </system-out>
  <testcase classname="POM_With_DDF_Practice.TestNGKeywords" name="login2" time="0.002"/>
  <system-out>
    <![CDATA[--running login2 test case---]]>
  </system-out>
  <testcase classname="POM_With_DDF_Practice.TestNGKeywords" name="login1" time="0.002"/>
  <system-out>
    <![CDATA[--running login1 test case--]]>
  </system-out>
  <testcase classname="POM_With_DDF_Practice.TestNGKeywords" name="login1" time="0.002"/>
  <system-out>
    <![CDATA[--running login1 test case--]]>
  </system-out>
  <testcase classname="POM_With_DDF_Practice.TestNGKeywords" name="logout" time="0.001"/>
  <system-out>
    <![CDATA[--running logout test case--]]>
  </system-out>
  <testcase classname="POM_With_DDF_Practice.TestNGKeywords" name="logout" time="0.001"/>
  <system-out>
    <![CDATA[--running logout test case--]]>
  </system-out>
  <testcase classname="POM_With_DDF_Practice.TestNGKeywords" name="logout" time="0.001"/>
  <system-out>
    <![CDATA[--running logout test case--]]>
  </system-out>
  <testcase classname="POM_With_DDF_Practice.TestNGKeywords" name="logout" time="0.001"/>
  <system-out>
    <![CDATA[--running logout test case--]]>
  </system-out>
  <testcase classname="POM_With_DDF_Practice.TestNGKeywords" name="logout" time="0.001"/>
  <system-out>
    <![CDATA[--running logout test case--]]>
  </system-out>
  <testcase classname="POM_With_DDF_Practice.TestNGKeywords" name="TC3">
    <skipped/>
  </testcase> <!-- TC3 -->
  <system-out/>
</testsuite> <!-- POM_With_DDF_Practice.TestNGKeywords -->
