<?xml version="1.0" encoding="UTF-8"?>
<!-- Generated by org.testng.reporters.JUnitReportReporter -->
<testsuite hostname="LAPTOP-76HAPQ6V" failures="0" tests="1" name="TestNG.TestNGTestClass" time="7.817" errors="0" timestamp="2022-12-31T14:14:27 IST" skipped="0">
  <testcase classname="TestNG.TestNGTestClass" name="TC" time="7.817"/>
  <system-out/>
</testsuite> <!-- TestNG.TestNGTestClass -->
