<?xml version="1.0" encoding="UTF-8"?>
<!-- Generated by org.testng.reporters.JUnitReportReporter -->
<testsuite hostname="LAPTOP-76HAPQ6V" failures="0" tests="3" name="TestNG.Example4_Keyword5_dependsOnMethods2" time="0.004" errors="0" timestamp="2023-03-27T11:40:44 IST" skipped="0">
  <testcase classname="TestNG.Example4_Keyword5_dependsOnMethods2" name="login1" time="0.001"/>
  <system-out>
    <![CDATA[--TC for login1--]]>
  </system-out>
  <testcase classname="TestNG.Example4_Keyword5_dependsOnMethods2" name="login2" time="0.001"/>
  <system-out>
    <![CDATA[--Tc for login2---]]>
  </system-out>
  <testcase classname="TestNG.Example4_Keyword5_dependsOnMethods2" name="logout" time="0.002"/>
  <system-out>
    <![CDATA[--running logout test case]]>
  </system-out>
</testsuite> <!-- TestNG.Example4_Keyword5_dependsOnMethods2 -->
