<?xml version="1.0" encoding="UTF-8"?>
<!-- Generated by org.testng.reporters.JUnitReportReporter -->
<testsuite hostname="LAPTOP-76HAPQ6V" failures="0" tests="3" name="TestNG.Example5_Keyword2_enabled" time="0.017" errors="0" timestamp="2023-01-02T13:26:54 IST" skipped="1">
  <testcase classname="TestNG.Example5_Keyword2_enabled" name="TC3" time="0.002"/>
  <system-out>
    <![CDATA[--running TC3--]]>
  </system-out>
  <testcase classname="TestNG.Example5_Keyword2_enabled" name="TC1" time="0.015"/>
  <system-out>
    <![CDATA[--Running TC1--]]>
  </system-out>
  <testcase classname="TestNG.Example5_Keyword2_enabled" name="TC2">
    <skipped/>
  </testcase> <!-- TC2 -->
  <system-out/>
</testsuite> <!-- TestNG.Example5_Keyword2_enabled -->
