<?xml version="1.0" encoding="UTF-8"?>
<!-- Generated by org.testng.reporters.JUnitReportReporter -->
<testsuite hostname="LAPTOP-76HAPQ6V" failures="0" tests="2" name="TestNG.Example4_Keyword5_dependsOnMethods1" time="0.003" errors="0" timestamp="2023-03-27T11:40:44 IST" skipped="0">
  <testcase classname="TestNG.Example4_Keyword5_dependsOnMethods1" name="logout" time="0.001"/>
  <system-out>
    <![CDATA[-logout test case--]]>
  </system-out>
  <testcase classname="TestNG.Example4_Keyword5_dependsOnMethods1" name="login" time="0.002"/>
  <system-out>
    <![CDATA[--runnig login test case--]]>
  </system-out>
</testsuite> <!-- TestNG.Example4_Keyword5_dependsOnMethods1 -->
