<?xml version="1.0" encoding="UTF-8"?>
<!-- Generated by org.testng.reporters.JUnitReportReporter -->
<testsuite hostname="LAPTOP-76HAPQ6V" failures="0" tests="4" name="TestNG.Example8_DisableTCExecutionFrom_TestClass" time="0.007" errors="0" timestamp="2023-05-03T16:19:24 IST" skipped="2">
  <testcase classname="TestNG.Example8_DisableTCExecutionFrom_TestClass" name="TC1" time="0.006"/>
  <system-out>
    <![CDATA[--running TC1--]]>
  </system-out>
  <testcase classname="TestNG.Example8_DisableTCExecutionFrom_TestClass" name="TC3" time="0.001"/>
  <system-out>
    <![CDATA[--running TC3--]]>
  </system-out>
  <testcase classname="TestNG.Example8_DisableTCExecutionFrom_TestClass" name="TC2">
    <skipped/>
  </testcase> <!-- TC2 -->
  <system-out/>
  <testcase classname="TestNG.Example8_DisableTCExecutionFrom_TestClass" name="TC4">
    <skipped/>
  </testcase> <!-- TC4 -->
  <system-out/>
</testsuite> <!-- TestNG.Example8_DisableTCExecutionFrom_TestClass -->
