<?xml version="1.0" encoding="UTF-8"?>
<!-- Generated by org.testng.reporters.JUnitReportReporter -->
<testsuite hostname="LAPTOP-76HAPQ6V" failures="0" tests="1" name="TestNG.Example3_Annotations" time="0.001" errors="0" timestamp="2023-03-27T11:40:44 IST" skipped="0">
  <testcase classname="TestNG.Example3_Annotations" name="TC1" time="0.001"/>
  <system-out>
    <![CDATA[running verify logo1 ]]>
  </system-out>
</testsuite> <!-- TestNG.Example3_Annotations -->
